Tue Mar 22 12:29:50 EDT 2016 : Apache Derby Network Server - 10.11.1.2 - (1629631) started and ready to accept connections on port 1527
----------------------------------------------------------------
Tue Mar 22 12:31:14 EDT 2016:
Booting Derby version The Apache Software Foundation - Apache Derby - 10.11.1.2 - (1629631): instance a816c00e-0153-9f29-324b-000055275743 
on database directory C:\Java\workspace\DemoJAXRS\data\weasleydb with class loader sun.misc.Launcher$AppClassLoader@1bbe9ba 
Loaded from file:/C:/Java/jdk1.8.0_73/db/lib/derby.jar
java.vendor=Oracle Corporation
java.runtime.version=1.8.0_73-b02
user.dir=C:\Java\workspace\DemoJAXRS\data
os.name=Windows 7
os.arch=x86
os.version=6.1
derby.system.home=C:\Java\workspace\DemoJAXRS\data
Database Class Loader started - derby.database.classpath=''
----------------------------------------------------------------
Tue Mar 22 12:31:15 EDT 2016:
Shutting down instance a816c00e-0153-9f29-324b-000055275743 on database directory C:\Java\workspace\DemoJAXRS\data\weasleydb with class loader sun.misc.Launcher$AppClassLoader@1bbe9ba 
Tue Mar 22 12:31:15 EDT 2016 Thread[DRDAConnThread_3,5,main] (DATABASE = weasleydb), (DRDAID = {2}), Database 'weasleydb' shutdown.
----------------------------------------------------------------
Tue Mar 22 12:31:28 EDT 2016:
Booting Derby version The Apache Software Foundation - Apache Derby - 10.11.1.2 - (1629631): instance f55fc0a6-0153-9f29-324b-000055275743 
on database directory C:\Java\workspace\DemoJAXRS\data\weasleydb with class loader sun.misc.Launcher$AppClassLoader@1bbe9ba 
Loaded from file:/C:/Java/jdk1.8.0_73/db/lib/derby.jar
java.vendor=Oracle Corporation
java.runtime.version=1.8.0_73-b02
user.dir=C:\Java\workspace\DemoJAXRS\data
os.name=Windows 7
os.arch=x86
os.version=6.1
derby.system.home=C:\Java\workspace\DemoJAXRS\data
Database Class Loader started - derby.database.classpath=''
----------------------------------------------------------------
Tue Mar 22 12:44:57 EDT 2016:
Shutting down instance f55fc0a6-0153-9f29-324b-000055275743 on database directory C:\Java\workspace\DemoJAXRS\data\weasleydb with class loader sun.misc.Launcher$AppClassLoader@1bbe9ba 
Tue Mar 22 12:44:57 EDT 2016 Thread[DRDAConnThread_7,5,main] (DATABASE = weasleydb), (DRDAID = {8}), Database 'weasleydb' shutdown.
----------------------------------------------------------------
Tue Mar 22 12:44:57 EDT 2016:
Booting Derby version The Apache Software Foundation - Apache Derby - 10.11.1.2 - (1629631): instance eaa980c4-0153-9f29-324b-000055275743 
on database directory C:\Java\workspace\DemoJAXRS\data\weasleydb with class loader sun.misc.Launcher$AppClassLoader@1bbe9ba 
Loaded from file:/C:/Java/jdk1.8.0_73/db/lib/derby.jar
java.vendor=Oracle Corporation
java.runtime.version=1.8.0_73-b02
user.dir=C:\Java\workspace\DemoJAXRS\data
os.name=Windows 7
os.arch=x86
os.version=6.1
derby.system.home=C:\Java\workspace\DemoJAXRS\data
Database Class Loader started - derby.database.classpath=''
----------------------------------------------------------------
Tue Mar 22 12:45:10 EDT 2016:
Shutting down instance eaa980c4-0153-9f29-324b-000055275743 on database directory C:\Java\workspace\DemoJAXRS\data\weasleydb with class loader sun.misc.Launcher$AppClassLoader@1bbe9ba 
Tue Mar 22 12:45:10 EDT 2016 Thread[DRDAConnThread_8,5,main] (DATABASE = weasleydb), (DRDAID = {10}), Database 'weasleydb' shutdown.
----------------------------------------------------------------
Tue Mar 22 12:45:14 EDT 2016:
Booting Derby version The Apache Software Foundation - Apache Derby - 10.11.1.2 - (1629631): instance 0d0600d0-0153-9f29-324b-000055275743 
on database directory C:\Java\workspace\DemoJAXRS\data\weasleydb with class loader sun.misc.Launcher$AppClassLoader@1bbe9ba 
Loaded from file:/C:/Java/jdk1.8.0_73/db/lib/derby.jar
java.vendor=Oracle Corporation
java.runtime.version=1.8.0_73-b02
user.dir=C:\Java\workspace\DemoJAXRS\data
os.name=Windows 7
os.arch=x86
os.version=6.1
derby.system.home=C:\Java\workspace\DemoJAXRS\data
Database Class Loader started - derby.database.classpath=''
----------------------------------------------------------------
Tue Mar 22 12:47:30 EDT 2016:
Shutting down instance 0d0600d0-0153-9f29-324b-000055275743 on database directory C:\Java\workspace\DemoJAXRS\data\weasleydb with class loader sun.misc.Launcher$AppClassLoader@1bbe9ba 
Tue Mar 22 12:47:30 EDT 2016 Thread[DRDAConnThread_9,5,main] (DATABASE = weasleydb), (DRDAID = {12}), Database 'weasleydb' shutdown.
----------------------------------------------------------------
Tue Mar 22 12:47:30 EDT 2016:
Booting Derby version The Apache Software Foundation - Apache Derby - 10.11.1.2 - (1629631): instance 1e2700f9-0153-9f29-324b-000055275743 
on database directory C:\Java\workspace\DemoJAXRS\data\weasleydb with class loader sun.misc.Launcher$AppClassLoader@1bbe9ba 
Loaded from file:/C:/Java/jdk1.8.0_73/db/lib/derby.jar
java.vendor=Oracle Corporation
java.runtime.version=1.8.0_73-b02
user.dir=C:\Java\workspace\DemoJAXRS\data
os.name=Windows 7
os.arch=x86
os.version=6.1
derby.system.home=C:\Java\workspace\DemoJAXRS\data
Database Class Loader started - derby.database.classpath=''
----------------------------------------------------------------
Tue Mar 22 12:47:37 EDT 2016:
Shutting down instance 1e2700f9-0153-9f29-324b-000055275743 on database directory C:\Java\workspace\DemoJAXRS\data\weasleydb with class loader sun.misc.Launcher$AppClassLoader@1bbe9ba 
Tue Mar 22 12:47:37 EDT 2016 Thread[DRDAConnThread_10,5,main] (DATABASE = weasleydb), (DRDAID = {14}), Database 'weasleydb' shutdown.
----------------------------------------------------------------
Tue Mar 22 12:47:39 EDT 2016:
Booting Derby version The Apache Software Foundation - Apache Derby - 10.11.1.2 - (1629631): instance 83ba410f-0153-9f29-324b-000055275743 
on database directory C:\Java\workspace\DemoJAXRS\data\weasleydb with class loader sun.misc.Launcher$AppClassLoader@1bbe9ba 
Loaded from file:/C:/Java/jdk1.8.0_73/db/lib/derby.jar
java.vendor=Oracle Corporation
java.runtime.version=1.8.0_73-b02
user.dir=C:\Java\workspace\DemoJAXRS\data
os.name=Windows 7
os.arch=x86
os.version=6.1
derby.system.home=C:\Java\workspace\DemoJAXRS\data
Database Class Loader started - derby.database.classpath=''
